<?xml version="1.0" encoding="UTF-8"?>
<!-- Generated by org.testng.reporters.JUnitReportReporter -->
<testsuite hostname="DESKTOP-05KTQHD" failures="0" tests="1" name="DriverFactory.AddNewEmployeeTestCase" time="14.682" errors="0" timestamp="2025-02-06T13:06:37 IST" skipped="0">
  <testcase classname="DriverFactory.AddNewEmployeeTestCase" name="addNewEmployee" time="14.682"/>
  <system-out>
    <![CDATA[Login Success]]>
  </system-out>
</testsuite> <!-- DriverFactory.AddNewEmployeeTestCase -->
