<?xml version="1.0" encoding="UTF-8"?>
<!-- Generated by org.testng.reporters.JUnitReportReporter -->
<testsuite hostname="DESKTOP-05KTQHD" failures="0" tests="3" name="DriverFactory.AdminLoginTestCase" time="10.810" errors="0" timestamp="2025-02-06T11:25:16 IST" skipped="2">
  <testcase classname="DriverFactory.AdminLoginTestCase" name="loginTest" time="10.810">
    <system-out>
      <![CDATA[no such element: Unable to locate element: {"method":"link text","selector":"Admin"}
  (Session info: chrome=133.0.6943.54)
For documentation on this error, please visit: https://www.selenium.dev/documentation/webdriver/troubleshooting/errors#no-such-element-exception
Build info: version: '4.10.0', revision: 'c14d967899'
System info: os.name: 'Windows 10', os.arch: 'amd64', os.version: '10.0', java.version: '17.0.10'
Driver info: org.openqa.selenium.chrome.ChromeDriver
Command: [d8ba351f9888b5dc753c0c034bf6a0c6, findElement {using=link text, value=Admin}]
Capabilities {acceptInsecureCerts: false, browserName: chrome, browserVersion: 133.0.6943.54, chrome: {chromedriverVersion: 133.0.6943.53 (9a80935019b0..., userDataDir: C:\Users\Interia\AppData\Lo...}, fedcm:accounts: true, goog:chromeOptions: {debuggerAddress: localhost:56589}, networkConnectionEnabled: false, pageLoadStrategy: normal, platformName: windows, proxy: Proxy(), se:cdp: ws://localhost:56589/devtoo..., se:cdpVersion: 133.0.6943.54, setWindowRect: true, strictFileInteractability: false, timeouts: {implicit: 0, pageLoad: 300000, script: 30000}, unhandledPromptBehavior: dismiss and notify, webauthn:extension:credBlob: true, webauthn:extension:largeBlob: true, webauthn:extension:minPinLength: true, webauthn:extension:prf: true, webauthn:virtualAuthenticators: true}
Session ID: d8ba351f9888b5dc753c0c034bf6a0c6
Login failed message: Invalid credentials]]>
    </system-out>
  </testcase> <!-- loginTest -->
  <testcase classname="DriverFactory.AdminLoginTestCase" name="LoginNegetiveTestCase">
    <skipped/>
  </testcase> <!-- LoginNegetiveTestCase -->
  <testcase classname="DriverFactory.AdminLoginTestCase" name="LoginPositiveTestCase">
    <skipped/>
  </testcase> <!-- LoginPositiveTestCase -->
  <system-out>
    <![CDATA[no such element: Unable to locate element: {"method":"link text","selector":"Admin"}
  (Session info: chrome=133.0.6943.54)
For documentation on this error, please visit: https://www.selenium.dev/documentation/webdriver/troubleshooting/errors#no-such-element-exception
Build info: version: '4.10.0', revision: 'c14d967899'
System info: os.name: 'Windows 10', os.arch: 'amd64', os.version: '10.0', java.version: '17.0.10'
Driver info: org.openqa.selenium.chrome.ChromeDriver
Command: [d8ba351f9888b5dc753c0c034bf6a0c6, findElement {using=link text, value=Admin}]
Capabilities {acceptInsecureCerts: false, browserName: chrome, browserVersion: 133.0.6943.54, chrome: {chromedriverVersion: 133.0.6943.53 (9a80935019b0..., userDataDir: C:\Users\Interia\AppData\Lo...}, fedcm:accounts: true, goog:chromeOptions: {debuggerAddress: localhost:56589}, networkConnectionEnabled: false, pageLoadStrategy: normal, platformName: windows, proxy: Proxy(), se:cdp: ws://localhost:56589/devtoo..., se:cdpVersion: 133.0.6943.54, setWindowRect: true, strictFileInteractability: false, timeouts: {implicit: 0, pageLoad: 300000, script: 30000}, unhandledPromptBehavior: dismiss and notify, webauthn:extension:credBlob: true, webauthn:extension:largeBlob: true, webauthn:extension:minPinLength: true, webauthn:extension:prf: true, webauthn:virtualAuthenticators: true}
Session ID: d8ba351f9888b5dc753c0c034bf6a0c6
Login failed message: Invalid credentials]]>
  </system-out>
</testsuite> <!-- DriverFactory.AdminLoginTestCase -->
