<?xml version="1.0" encoding="UTF-8"?>
<!-- Generated by org.testng.reporters.JUnitReportReporter -->
<testsuite hostname="DESKTOP-05KTQHD" failures="0" tests="1" name="DriverFactory.UserLoginTestCase" time="13.224" errors="0" timestamp="2025-02-06T13:45:54 IST" skipped="0">
  <testcase classname="DriverFactory.UserLoginTestCase" name="userLoginTest" time="13.224"/>
</testsuite> <!-- DriverFactory.UserLoginTestCase -->
