<?xml version="1.0" encoding="UTF-8"?>
<!-- Generated by org.testng.reporters.JUnitReportReporter -->
<testsuite hostname="DESKTOP-05KTQHD" failures="0" tests="3" name="DriverFactory.AdminLoginTestCase" time="5.662" errors="0" timestamp="2025-02-06T13:06:37 IST" skipped="2">
  <testcase classname="DriverFactory.AdminLoginTestCase" name="loginTest" time="5.662">
    <system-out>
      <![CDATA[Login Success]]>
    </system-out>
  </testcase> <!-- loginTest -->
  <testcase classname="DriverFactory.AdminLoginTestCase" name="LoginPositiveTestCase">
    <skipped/>
  </testcase> <!-- LoginPositiveTestCase -->
  <testcase classname="DriverFactory.AdminLoginTestCase" name="LoginNegetiveTestCase">
    <skipped/>
  </testcase> <!-- LoginNegetiveTestCase -->
  <system-out>
    <![CDATA[Login Success]]>
  </system-out>
</testsuite> <!-- DriverFactory.AdminLoginTestCase -->
