<?xml version="1.0" encoding="UTF-8"?>
<!-- Generated by org.testng.reporters.JUnitReportReporter -->
<testsuite hostname="DESKTOP-05KTQHD" failures="0" tests="1" name="DriverFactory.AdminLoginTestCase" time="11.993" errors="0" timestamp="2025-02-05T18:58:51 IST" skipped="0">
  <testcase classname="DriverFactory.AdminLoginTestCase" name="LoginTest" time="11.993">
    <system-out>
      <![CDATA[1: Module Name: Admin

2: Module Name: PIM

3: Module Name: Leave

4: Module Name: Time

5: Module Name: Recruitment

6: Module Name: My Info

7: Module Name: Performance

8: Module Name: Dashboard

9: Module Name: Directory

10: Module Name: Maintenance

11: Module Name: Buzz

Login Successfull]]>
    </system-out>
  </testcase> <!-- LoginTest -->
  <system-out>
    <![CDATA[1: Module Name: Admin

2: Module Name: PIM

3: Module Name: Leave

4: Module Name: Time

5: Module Name: Recruitment

6: Module Name: My Info

7: Module Name: Performance

8: Module Name: Dashboard

9: Module Name: Directory

10: Module Name: Maintenance

11: Module Name: Buzz

Login Successfull]]>
  </system-out>
</testsuite> <!-- DriverFactory.AdminLoginTestCase -->
